info @storybook/react v6.5.12
info 
info => Cleaning outputDir: /var/folders/9c/nq3_cjwn5qd12kdshcxd94r00000gn/T/chromatic--60763-aAu6ghgdQGLG
(node:60789) DeprecationWarning: --static-dir CLI flag is deprecated, see:

https://github.com/storybookjs/storybook/blob/next/MIGRATION.md#deprecated---static-dir-cli-flag
(Use `node --trace-deprecation ...` to show where the warning was created)
info => Loading presets
info => Copying static files: ./public => ./
info => Compiling manager..
info => Compiling preview..
info Addon-docs: using MDX1
info => Loading Webpack configuration from `node_modules/react-scripts`
info => Removing existing JavaScript and TypeScript rules.
info => Modifying Create React App rules.
info => Using default Webpack5 setup
<s> [webpack.Progress] 0% 

<s> [webpack.Progress] 1% setup before run
<s> [webpack.Progress] 1% setup before run NodeEnvironmentPlugin
<s> [webpack.Progress] 1% setup before run
<s> [webpack.Progress] 2% setup run
<s> [webpack.Progress] 2% setup run ESLintWebpackPlugin_1
<s> [webpack.Progress] 2% setup run
<s> [webpack.Progress] 4% setup normal module factory
<s> [webpack.Progress] 4% setup normal module factory CaseSensitivePathsPlugin
<s> [webpack.Progress] 4% setup normal module factory ModuleNotFoundPlugin
<s> [webpack.Progress] 4% setup normal module factory IgnorePlugin
<s> [webpack.Progress] 4% setup normal module factory
<s> [webpack.Progress] 5% setup context module factory
<s> [webpack.Progress] 5% setup context module factory IgnorePlugin
<s> [webpack.Progress] 5% setup context module factory
<s> [webpack.Progress] 6% setup before compile
<s> [webpack.Progress] 6% setup before compile ProgressPlugin
<s> [webpack.Progress] 6% setup before compile
<s> [webpack.Progress] 7% setup compile
<s> [webpack.Progress] 7% setup compile ExternalsPlugin
<s> [webpack.Progress] 7% setup compile
<s> [webpack.Progress] 8% setup compilation
<s> [webpack.Progress] 8% setup compilation mini-css-extract-plugin
<s> [webpack.Progress] 8% setup compilation ArrayPushCallbackChunkFormatPlugin
<s> [webpack.Progress] 8% setup compilation JsonpChunkLoadingPlugin
<s> [webpack.Progress] 8% setup compilation StartupChunkDependenciesPlugin
<s> [webpack.Progress] 8% setup compilation ImportScriptsChunkLoadingPlugin
<s> [webpack.Progress] 8% setup compilation FetchCompileWasmPlugin
<s> [webpack.Progress] 8% setup compilation FetchCompileAsyncWasmPlugin
<s> [webpack.Progress] 8% setup compilation WorkerPlugin
<s> [webpack.Progress] 8% setup compilation SplitChunksPlugin
<s> [webpack.Progress] 8% setup compilation RuntimeChunkPlugin
<s> [webpack.Progress] 8% setup compilation ResolverCachePlugin
<s> [webpack.Progress] 8% setup compilation HtmlWebpackPlugin
<s> [webpack.Progress] 8% setup compilation
<s> [webpack.Progress] 9% setup compilation
<s> [webpack.Progress] 9% setup compilation DefinePlugin
<s> [webpack.Progress] 9% setup compilation ProvidePlugin
<s> [webpack.Progress] 9% setup compilation ProgressPlugin
<s> [webpack.Progress] 9% setup compilation InlineChunkHtmlPlugin
<s> [webpack.Progress] 9% setup compilation InterpolateHtmlPlugin
<s> [webpack.Progress] 9% setup compilation mini-css-extract-plugin
<s> [webpack.Progress] 9% setup compilation DocGenPlugin
<s> [webpack.Progress] 9% setup compilation ChunkPrefetchPreloadPlugin
<s> [webpack.Progress] 9% setup compilation SourceMapDevToolPlugin
<s> [webpack.Progress] 9% setup compilation JavascriptModulesPlugin
<s> [webpack.Progress] 9% setup compilation JsonModulesPlugin
<s> [webpack.Progress] 9% setup compilation AssetModulesPlugin
<s> [webpack.Progress] 9% setup compilation EntryPlugin
<s> [webpack.Progress] 9% setup compilation EntryPlugin
<s> [webpack.Progress] 9% setup compilation EntryPlugin
<s> [webpack.Progress] 9% setup compilation EntryPlugin
<s> [webpack.Progress] 9% setup compilation EntryPlugin
<s> [webpack.Progress] 9% setup compilation EntryPlugin
<s> [webpack.Progress] 9% setup compilation EntryPlugin
<s> [webpack.Progress] 9% setup compilation EntryPlugin
<s> [webpack.Progress] 9% setup compilation EntryPlugin
<s> [webpack.Progress] 9% setup compilation EntryPlugin
<s> [webpack.Progress] 9% setup compilation EntryPlugin
<s> [webpack.Progress] 9% setup compilation EntryPlugin
<s> [webpack.Progress] 9% setup compilation EntryPlugin
<s> [webpack.Progress] 9% setup compilation EntryPlugin
<s> [webpack.Progress] 9% setup compilation RuntimePlugin
<s> [webpack.Progress] 9% setup compilation InferAsyncModulesPlugin
<s> [webpack.Progress] 9% setup compilation DataUriPlugin
<s> [webpack.Progress] 9% setup compilation FileUriPlugin
<s> [webpack.Progress] 9% setup compilation CompatibilityPlugin
<s> [webpack.Progress] 9% setup compilation HarmonyModulesPlugin
<s> [webpack.Progress] 9% setup compilation AMDPlugin
<s> [webpack.Progress] 9% setup compilation RequireJsStuffPlugin
<s> [webpack.Progress] 9% setup compilation CommonJsPlugin
<s> [webpack.Progress] 9% setup compilation LoaderPlugin
<s> [webpack.Progress] 9% setup compilation LoaderPlugin
<s> [webpack.Progress] 9% setup compilation NodeStuffPlugin
<s> [webpack.Progress] 9% setup compilation APIPlugin
<s> [webpack.Progress] 9% setup compilation ExportsInfoApiPlugin
<s> [webpack.Progress] 9% setup compilation WebpackIsIncludedPlugin
<s> [webpack.Progress] 9% setup compilation ConstPlugin
<s> [webpack.Progress] 9% setup compilation UseStrictPlugin
<s> [webpack.Progress] 9% setup compilation RequireIncludePlugin
<s> [webpack.Progress] 9% setup compilation RequireEnsurePlugin
<s> [webpack.Progress] 9% setup compilation RequireContextPlugin
<s> [webpack.Progress] 9% setup compilation ImportPlugin
<s> [webpack.Progress] 9% setup compilation RequireContextPlugin
<s> [webpack.Progress] 9% setup compilation SystemPlugin
<s> [webpack.Progress] 9% setup compilation ImportMetaPlugin
<s> [webpack.Progress] 9% setup compilation URLPlugin
<s> [webpack.Progress] 9% setup compilation DefaultStatsFactoryPlugin
<s> [webpack.Progress] 9% setup compilation DefaultStatsPresetPlugin
<s> [webpack.Progress] 9% setup compilation DefaultStatsPrinterPlugin
<s> [webpack.Progress] 9% setup compilation JavascriptMetaInfoPlugin
<s> [webpack.Progress] 9% setup compilation EnsureChunkConditionsPlugin
<s> [webpack.Progress] 9% setup compilation RemoveEmptyChunksPlugin
<s> [webpack.Progress] 9% setup compilation MergeDuplicateChunksPlugin
<s> [webpack.Progress] 9% setup compilation FlagIncludedChunksPlugin
<s> [webpack.Progress] 9% setup compilation SideEffectsFlagPlugin
<s> [webpack.Progress] 9% setup compilation FlagDependencyExportsPlugin
<s> [webpack.Progress] 9% setup compilation FlagDependencyUsagePlugin
<s> [webpack.Progress] 9% setup compilation InnerGraphPlugin
<s> [webpack.Progress] 9% setup compilation MangleExportsPlugin
<s> [webpack.Progress] 9% setup compilation ModuleConcatenationPlugin
<s> [webpack.Progress] 9% setup compilation NoEmitOnErrorsPlugin
<s> [webpack.Progress] 9% setup compilation RealContentHashPlugin
<s> [webpack.Progress] 9% setup compilation WasmFinalizeExportsPlugin
<s> [webpack.Progress] 9% setup compilation NamedModuleIdsPlugin
<s> [webpack.Progress] 9% setup compilation DeterministicChunkIdsPlugin
<s> [webpack.Progress] 9% setup compilation DefinePlugin
<s> [webpack.Progress] 9% setup compilation TerserPlugin
<s> [webpack.Progress] 9% setup compilation TemplatedPathPlugin
<s> [webpack.Progress] 9% setup compilation RecordIdsPlugin
<s> [webpack.Progress] 9% setup compilation WarnCaseSensitiveModulesPlugin
<s> [webpack.Progress] 9% setup compilation IgnoreWarningsPlugin
<s> [webpack.Progress] 9% setup compilation ESLintWebpackPlugin_1
<s> [webpack.Progress] 9% setup compilation
<s> [webpack.Progress] 10% building
<s> [webpack.Progress] 10% building 0/1 entries 0/0 dependencies 0/0 modules
<s> [webpack.Progress] 10% building import loader ./node_modules/babel-loader/lib/index.js
<s> [webpack.Progress] 10% building import loader ./node_modules/source-map-loader/dist/cjs.js
<s> [webpack.Progress] 10% building 0/14 entries 13/33 dependencies 0/12 modules
<s> [webpack.Progress] 10% building import loader ./node_modules/@storybook/source-loader/dist/cjs/index.js
<s> [webpack.Progress] 10% building 0/14 entries 37/62 dependencies 1/34 modules
<s> [webpack.Progress] 13% building 1/14 entries 74/160 dependencies 7/57 modules
<s> [webpack.Progress] 17% building 2/14 entries 82/195 dependencies 10/63 modules
<s> [webpack.Progress] 99% cache begin idle
<s> [webpack.Progress] 99% cache begin idle
<s> [webpack.Progress] 100% 

ERR! => Failed to build the preview
ERR! Module not found: Error: Can't resolve '../components/Checkbox' in '/Users/anirudhmishra/tech-learning/reunion-components/src/stories'
<s> [webpack.Progress] 99% cache shutdown
<s> [webpack.Progress] 99% cache shutdown
<s> [webpack.Progress] 100% 

<s> [webpack.Progress] 21% building 3/14 entries 100/195 dependencies 13/63 modules
<s> [webpack.Progress] 25% building 4/14 entries 100/195 dependencies 16/63 modules
<s> [webpack.Progress] 29% building 5/14 entries 100/195 dependencies 19/63 modules
<s> [webpack.Progress] 33% building 6/14 entries 100/195 dependencies 22/63 modules
<s> [webpack.Progress] 37% building 7/14 entries 107/195 dependencies 32/63 modules
<s> [webpack.Progress] 40% building 8/14 entries 107/195 dependencies 35/63 modules
<s> [webpack.Progress] 45% building 9/14 entries 150/195 dependencies 38/83 modules
<s> [webpack.Progress] 49% building 10/14 entries 153/195 dependencies 41/86 modules
<s> [webpack.Progress] 53% building 11/14 entries 153/195 dependencies 44/86 modules
<s> [webpack.Progress] 53% building 12/14 entries 153/195 dependencies 47/86 modules
<s> [webpack.Progress] 53% building 13/14 entries 153/195 dependencies 51/86 modules
<s> [webpack.Progress] 53% building 14/14 entries 155/195 dependencies 52/88 modules
info => Manager built (7.3 s)
ERR! ModuleNotFoundError: Module not found: Error: Can't resolve '../components/Checkbox' in '/Users/anirudhmishra/tech-learning/reunion-components/src/stories'
ERR!     at /Users/anirudhmishra/tech-learning/reunion-components/node_modules/webpack/lib/Compilation.js:2016:28
ERR!     at /Users/anirudhmishra/tech-learning/reunion-components/node_modules/webpack/lib/NormalModuleFactory.js:798:13
ERR!     at eval (eval at create (/Users/anirudhmishra/tech-learning/reunion-components/node_modules/tapable/lib/HookCodeFactory.js:33:10), <anonymous>:10:1)
ERR!     at /Users/anirudhmishra/tech-learning/reunion-components/node_modules/webpack/lib/NormalModuleFactory.js:270:22
ERR!     at eval (eval at create (/Users/anirudhmishra/tech-learning/reunion-components/node_modules/tapable/lib/HookCodeFactory.js:33:10), <anonymous>:9:1)
ERR!     at /Users/anirudhmishra/tech-learning/reunion-components/node_modules/webpack/lib/NormalModuleFactory.js:434:22
ERR!     at /Users/anirudhmishra/tech-learning/reunion-components/node_modules/webpack/lib/NormalModuleFactory.js:116:11
ERR!     at /Users/anirudhmishra/tech-learning/reunion-components/node_modules/webpack/lib/NormalModuleFactory.js:670:25
ERR!     at /Users/anirudhmishra/tech-learning/reunion-components/node_modules/webpack/lib/NormalModuleFactory.js:855:8
ERR!     at /Users/anirudhmishra/tech-learning/reunion-components/node_modules/webpack/lib/NormalModuleFactory.js:975:5
ERR!  ModuleNotFoundError: Module not found: Error: Can't resolve '../components/Checkbox' in '/Users/anirudhmishra/tech-learning/reunion-components/src/stories'
ERR!     at /Users/anirudhmishra/tech-learning/reunion-components/node_modules/webpack/lib/Compilation.js:2016:28
ERR!     at /Users/anirudhmishra/tech-learning/reunion-components/node_modules/webpack/lib/NormalModuleFactory.js:798:13
ERR!     at eval (eval at create (/Users/anirudhmishra/tech-learning/reunion-components/node_modules/tapable/lib/HookCodeFactory.js:33:10), <anonymous>:10:1)
ERR!     at /Users/anirudhmishra/tech-learning/reunion-components/node_modules/webpack/lib/NormalModuleFactory.js:270:22
ERR!     at eval (eval at create (/Users/anirudhmishra/tech-learning/reunion-components/node_modules/tapable/lib/HookCodeFactory.js:33:10), <anonymous>:9:1)
ERR!     at /Users/anirudhmishra/tech-learning/reunion-components/node_modules/webpack/lib/NormalModuleFactory.js:434:22
ERR!     at /Users/anirudhmishra/tech-learning/reunion-components/node_modules/webpack/lib/NormalModuleFactory.js:116:11
ERR!     at /Users/anirudhmishra/tech-learning/reunion-components/node_modules/webpack/lib/NormalModuleFactory.js:670:25
ERR!     at /Users/anirudhmishra/tech-learning/reunion-components/node_modules/webpack/lib/NormalModuleFactory.js:855:8
ERR!     at /Users/anirudhmishra/tech-learning/reunion-components/node_modules/webpack/lib/NormalModuleFactory.js:975:5
ERR! resolve '../components/Checkbox' in '/Users/anirudhmishra/tech-learning/reunion-components/src/stories'
ERR!   using description file: /Users/anirudhmishra/tech-learning/reunion-components/package.json (relative path: ./src/stories)
ERR!     Field 'browser' doesn't contain a valid alias configuration
ERR!     using description file: /Users/anirudhmishra/tech-learning/reunion-components/package.json (relative path: ./src/components/Checkbox)
ERR!       no extension
ERR!         Field 'browser' doesn't contain a valid alias configuration
ERR!         /Users/anirudhmishra/tech-learning/reunion-components/src/components/Checkbox doesn't exist
ERR!       .web.mjs
ERR!         Field 'browser' doesn't contain a valid alias configuration
ERR!         /Users/anirudhmishra/tech-learning/reunion-components/src/components/Checkbox.web.mjs doesn't exist
ERR!       .mjs
ERR!         Field 'browser' doesn't contain a valid alias configuration
ERR!         /Users/anirudhmishra/tech-learning/reunion-components/src/components/Checkbox.mjs doesn't exist
ERR!       .web.js
ERR!         Field 'browser' doesn't contain a valid alias configuration
ERR!         /Users/anirudhmishra/tech-learning/reunion-components/src/components/Checkbox.web.js doesn't exist
ERR!       .js
ERR!         Field 'browser' doesn't contain a valid alias configuration
ERR!         /Users/anirudhmishra/tech-learning/reunion-components/src/components/Checkbox.js doesn't exist
ERR!       .json
ERR!         Field 'browser' doesn't contain a valid alias configuration
ERR!         /Users/anirudhmishra/tech-learning/reunion-components/src/components/Checkbox.json doesn't exist
ERR!       .web.jsx
ERR!         Field 'browser' doesn't contain a valid alias configuration
ERR!         /Users/anirudhmishra/tech-learning/reunion-components/src/components/Checkbox.web.jsx doesn't exist
ERR!       .jsx
ERR!         Field 'browser' doesn't contain a valid alias configuration
ERR!         /Users/anirudhmishra/tech-learning/reunion-components/src/components/Checkbox.jsx doesn't exist
ERR!       as directory
ERR!         /Users/anirudhmishra/tech-learning/reunion-components/src/components/Checkbox doesn't exist
info => Loading presets
